<?xml version="1.0" encoding="UTF-8"?>
<!-- Generated by org.testng.reporters.JUnitReportReporter -->
<testsuite hostname="LAPTOP-ANRIAA7T" name="scripts.TestScripts" tests="1" failures="0" timestamp="12 Aug 2020 17:04:33 GMT" time="23.921" errors="0">
  <testcase name="EmployeeTestCase" time="23.921" classname="scripts.TestScripts"/>
</testsuite> <!-- scripts.TestScripts -->
