<?xml version="1.0" encoding="UTF-8"?>
<!-- Generated by org.testng.reporters.JUnitReportReporter -->
<testsuite hostname="LAPTOP-ANRIAA7T" name="scripts.TestScripts" tests="1" failures="0" timestamp="17 Jul 2020 02:54:54 GMT" time="29.974" errors="0">
  <testcase name="EmployeeTestCase" time="29.974" classname="scripts.TestScripts"/>
</testsuite> <!-- scripts.TestScripts -->
